<?xml version="1.0" encoding="UTF-8"?>
<testng-results ignored="0" total="1" passed="1" failed="0" skipped="0">
  <reporter-output>
  </reporter-output>
  <suite started-at="2024-04-13T10:03:27 IST" name="Default suite" finished-at="2024-04-13T10:03:40 IST" duration-ms="13088">
    <groups>
    </groups>
    <test started-at="2024-04-13T10:03:27 IST" name="Default test" finished-at="2024-04-13T10:03:40 IST" duration-ms="13088">
      <class name="shoppingcart.TC_DWS_003_Test">
        <test-method is-config="true" signature="configReports()[pri:0, instance:shoppingcart.TC_DWS_003_Test@5b7a5baa]" started-at="2024-04-13T10:03:27 IST" name="configReports" finished-at="2024-04-13T10:03:27 IST" duration-ms="155" status="PASS">
          <reporter-output>
          </reporter-output>
        </test-method> <!-- configReports -->
        <test-method is-config="true" signature="launchBrowser(java.lang.String)[pri:0, instance:shoppingcart.TC_DWS_003_Test@5b7a5baa]" started-at="2024-04-13T10:03:27 IST" name="launchBrowser" finished-at="2024-04-13T10:03:33 IST" duration-ms="5175" status="PASS">
          <params>
            <param index="0">
              <value>
                <![CDATA[chrome]]>
              </value>
            </param>
          </params>
          <reporter-output>
          </reporter-output>
        </test-method> <!-- launchBrowser -->
        <test-method is-config="true" signature="login(java.lang.reflect.Method)[pri:0, instance:shoppingcart.TC_DWS_003_Test@5b7a5baa]" started-at="2024-04-13T10:03:33 IST" name="login" finished-at="2024-04-13T10:03:35 IST" duration-ms="1960" status="PASS">
          <params>
            <param index="0">
              <value>
                <![CDATA[public void shoppingcart.TC_DWS_003_Test.addProduct()]]>
              </value>
            </param>
          </params>
          <reporter-output>
          </reporter-output>
        </test-method> <!-- login -->
        <test-method signature="addProduct()[pri:0, instance:shoppingcart.TC_DWS_003_Test@5b7a5baa]" started-at="2024-04-13T10:03:35 IST" name="addProduct" finished-at="2024-04-13T10:03:39 IST" duration-ms="4528" status="PASS">
          <reporter-output>
          </reporter-output>
        </test-method> <!-- addProduct -->
        <test-method is-config="true" signature="logout()[pri:0, instance:shoppingcart.TC_DWS_003_Test@5b7a5baa]" started-at="2024-04-13T10:03:39 IST" name="logout" finished-at="2024-04-13T10:03:40 IST" duration-ms="989" status="PASS">
          <reporter-output>
          </reporter-output>
        </test-method> <!-- logout -->
        <test-method is-config="true" signature="closeBrowser()[pri:0, instance:shoppingcart.TC_DWS_003_Test@5b7a5baa]" started-at="2024-04-13T10:03:40 IST" name="closeBrowser" finished-at="2024-04-13T10:03:40 IST" duration-ms="402" status="PASS">
          <reporter-output>
          </reporter-output>
        </test-method> <!-- closeBrowser -->
        <test-method is-config="true" signature="reportBackup()[pri:0, instance:shoppingcart.TC_DWS_003_Test@5b7a5baa]" started-at="2024-04-13T10:03:41 IST" name="reportBackup" finished-at="2024-04-13T10:03:41 IST" duration-ms="366" status="PASS">
          <reporter-output>
          </reporter-output>
        </test-method> <!-- reportBackup -->
      </class> <!-- shoppingcart.TC_DWS_003_Test -->
    </test> <!-- Default test -->
  </suite> <!-- Default suite -->
</testng-results>
